\BOOKMARK [0][-]{chapter*.5}{\376\377\000L\000I\000S\000T\000E\000\040\000D\000E\000S\000\040\000F\000I\000G\000U\000R\000E\000S}{}% 1
\BOOKMARK [0][-]{chapter*.6}{\376\377\000L\000I\000S\000T\000E\000\040\000D\000E\000S\000\040\000T\000A\000B\000L\000E\000A\000U\000X}{}% 2
\BOOKMARK [0][-]{chapter*.7}{\376\377\000L\000I\000S\000T\000E\000\040\000D\000E\000S\000\040\000A\000B\000R\000\311\000V\000I\000A\000T\000I\000O\000N\000S}{}% 3
\BOOKMARK [0][-]{chapter*.8}{\376\377\000I\000N\000T\000R\000O\000D\000U\000C\000T\000I\000O\000N\000\040\000G\000\311\000N\000\311\000R\000A\000L\000E}{}% 4
\BOOKMARK [0][-]{chapter.1}{\376\377\000C\000a\000d\000r\000e\000\040\000G\000\351\000n\000\351\000r\000a\000l\000\040\000d\000u\000\040\000P\000r\000o\000j\000e\000t}{}% 5
\BOOKMARK [1][-]{section.1.1}{\376\377\000I\000n\000t\000r\000o\000d\000u\000c\000t\000i\000o\000n}{chapter.1}% 6
\BOOKMARK [1][-]{section.1.2}{\376\377\000C\000o\000n\000t\000e\000x\000t\000e\000\040\000d\000u\000\040\000p\000r\000o\000j\000e\000t}{chapter.1}% 7
\BOOKMARK [1][-]{section.1.3}{\376\377\000P\000r\000\351\000s\000e\000n\000t\000a\000t\000i\000o\000n\000\040\000d\000e\000\040\000l\000'\000o\000r\000g\000a\000n\000i\000s\000m\000e\000\040\000d\000'\000a\000c\000c\000u\000e\000i\000l}{chapter.1}% 8
\BOOKMARK [1][-]{section.1.4}{\376\377\000P\000r\000o\000b\000l\000\351\000m\000a\000t\000i\000q\000u\000e}{chapter.1}% 9
\BOOKMARK [1][-]{section.1.5}{\376\377\000A\000p\000p\000r\000o\000c\000h\000e\000\040\000p\000r\000o\000p\000o\000s\000\351\000e}{chapter.1}% 10
\BOOKMARK [2][-]{subsection.1.5.1}{\376\377\000F\000o\000n\000c\000t\000i\000o\000n\000n\000a\000l\000i\000t\000\351\000s\000\040\000d\000u\000\040\000C\000R\000M\000\040\000W\000e\000b}{section.1.5}% 11
\BOOKMARK [2][-]{subsection.1.5.2}{\376\377\000F\000o\000n\000c\000t\000i\000o\000n\000n\000a\000l\000i\000t\000\351\000s\000\040\000d\000e\000\040\000l\000'\000A\000p\000p\000l\000i\000c\000a\000t\000i\000o\000n\000\040\000M\000o\000b\000i\000l\000e}{section.1.5}% 12
\BOOKMARK [2][-]{subsection.1.5.3}{\376\377\000F\000o\000n\000c\000t\000i\000o\000n\000n\000a\000l\000i\000t\000\351\000s\000\040\000d\000u\000\040\000C\000h\000a\000t\000b\000o\000t\000\040\000I\000A}{section.1.5}% 13
\BOOKMARK [1][-]{section.1.6}{\376\377\000M\000\351\000t\000h\000o\000d\000o\000l\000o\000g\000i\000e}{chapter.1}% 14
\BOOKMARK [2][-]{subsection.1.6.1}{\376\377\000M\000\351\000t\000h\000o\000d\000o\000l\000o\000g\000i\000e\000\040\000A\000g\000i\000l\000e\000\040\000S\000c\000r\000u\000m}{section.1.6}% 15
\BOOKMARK [2][-]{subsection.1.6.2}{\376\377\000M\000\351\000t\000h\000o\000d\000o\000l\000o\000g\000i\000e\000\040\000C\000R\000I\000S\000P\000-\000D\000M}{section.1.6}% 16
\BOOKMARK [2][-]{subsection.1.6.3}{\376\377\000O\000r\000g\000a\000n\000i\000s\000a\000t\000i\000o\000n\000\040\000e\000n\000\040\000s\000p\000r\000i\000n\000t\000s}{section.1.6}% 17
\BOOKMARK [1][-]{section.1.7}{\376\377\000A\000r\000c\000h\000i\000t\000e\000c\000t\000u\000r\000e\000\040\000g\000l\000o\000b\000a\000l\000e}{chapter.1}% 18
\BOOKMARK [1][-]{section.1.8}{\376\377\000E\000n\000v\000i\000r\000o\000n\000n\000e\000m\000e\000n\000t\000\040\000t\000e\000c\000h\000n\000i\000q\000u\000e}{chapter.1}% 19
\BOOKMARK [1][-]{section.1.9}{\376\377\000C\000o\000n\000c\000l\000u\000s\000i\000o\000n}{chapter.1}% 20
\BOOKMARK [0][-]{chapter.2}{\376\377\000S\000p\000r\000i\000n\000t\000\040\0000\0001\000\040\000:\000\040\000\311\000t\000u\000d\000e\000\040\000P\000r\000\351\000a\000l\000a\000b\000l\000e\000\040\000e\000t\000\040\000A\000n\000a\000l\000y\000s\000e}{}% 21
\BOOKMARK [1][-]{section.2.1}{\376\377\000I\000n\000t\000r\000o\000d\000u\000c\000t\000i\000o\000n}{chapter.2}% 22
\BOOKMARK [1][-]{section.2.2}{\376\377\000O\000b\000j\000e\000c\000t\000i\000f\000s\000\040\000d\000u\000\040\000S\000p\000r\000i\000n\000t}{chapter.2}% 23
\BOOKMARK [1][-]{section.2.3}{\376\377\000\311\000t\000u\000d\000e\000\040\000d\000e\000\040\000l\000'\000e\000x\000i\000s\000t\000a\000n\000t}{chapter.2}% 24
\BOOKMARK [2][-]{subsection.2.3.1}{\376\377\000A\000n\000a\000l\000y\000s\000e\000\040\000d\000e\000s\000\040\000s\000o\000l\000u\000t\000i\000o\000n\000s\000\040\000C\000R\000M\000\040\000e\000x\000i\000s\000t\000a\000n\000t\000e\000s}{section.2.3}% 25
\BOOKMARK [2][-]{subsection.2.3.2}{\376\377\000C\000r\000i\000t\000i\000q\000u\000e\000\040\000d\000e\000\040\000l\000'\000e\000x\000i\000s\000t\000a\000n\000t}{section.2.3}% 26
\BOOKMARK [1][-]{section.2.4}{\376\377\000I\000d\000e\000n\000t\000i\000f\000i\000c\000a\000t\000i\000o\000n\000\040\000d\000e\000s\000\040\000a\000c\000t\000e\000u\000r\000s}{chapter.2}% 27
\BOOKMARK [1][-]{section.2.5}{\376\377\000A\000n\000a\000l\000y\000s\000e\000\040\000d\000e\000s\000\040\000b\000e\000s\000o\000i\000n\000s\000\040\000f\000o\000n\000c\000t\000i\000o\000n\000n\000e\000l\000s}{chapter.2}% 28
\BOOKMARK [2][-]{subsection.2.5.1}{\376\377\000M\000o\000d\000u\000l\000e\000\040\000A\000u\000t\000h\000e\000n\000t\000i\000f\000i\000c\000a\000t\000i\000o\000n\000\040\000e\000t\000\040\000S\000\351\000c\000u\000r\000i\000t\000\351}{section.2.5}% 29
\BOOKMARK [2][-]{subsection.2.5.2}{\376\377\000M\000o\000d\000u\000l\000e\000\040\000L\000e\000a\000d\000s\000\040\000\050\000P\000r\000o\000s\000p\000e\000c\000t\000s\000\051}{section.2.5}% 30
\BOOKMARK [2][-]{subsection.2.5.3}{\376\377\000M\000o\000d\000u\000l\000e\000\040\000A\000c\000c\000o\000u\000n\000t\000s\000\040\000\050\000C\000o\000m\000p\000t\000e\000s\000\040\000C\000l\000i\000e\000n\000t\000s\000\051}{section.2.5}% 31
\BOOKMARK [2][-]{subsection.2.5.4}{\376\377\000M\000o\000d\000u\000l\000e\000\040\000C\000o\000n\000t\000a\000c\000t\000s\000\040\000\050\000P\000e\000r\000s\000o\000n\000n\000e\000s\000\051}{section.2.5}% 32
\BOOKMARK [2][-]{subsection.2.5.5}{\376\377\000M\000o\000d\000u\000l\000e\000\040\000D\000e\000a\000l\000s\000\040\000\050\000P\000i\000p\000e\000l\000i\000n\000e\000\040\000C\000o\000m\000m\000e\000r\000c\000i\000a\000l\000\051}{section.2.5}% 33
\BOOKMARK [2][-]{subsection.2.5.6}{\376\377\000M\000o\000d\000u\000l\000e\000\040\000Q\000u\000o\000t\000e\000s\000\040\000\050\000D\000e\000v\000i\000s\000\051}{section.2.5}% 34
\BOOKMARK [2][-]{subsection.2.5.7}{\376\377\000M\000o\000d\000u\000l\000e\000\040\000T\000i\000c\000k\000e\000t\000s\000\040\000\050\000H\000e\000l\000p\000d\000e\000s\000k\000\051}{section.2.5}% 35
\BOOKMARK [2][-]{subsection.2.5.8}{\376\377\000M\000o\000d\000u\000l\000e\000\040\000A\000c\000t\000i\000v\000i\000t\000i\000e\000s\000\040\000\050\000S\000u\000i\000v\000i\000\040\000C\000o\000m\000m\000e\000r\000c\000i\000a\000l\000\051}{section.2.5}% 36
\BOOKMARK [2][-]{subsection.2.5.9}{\376\377\000M\000o\000d\000u\000l\000e\000\040\000R\000e\000p\000o\000r\000t\000i\000n\000g\000\040\000e\000t\000\040\000A\000u\000d\000i\000t}{section.2.5}% 37
\BOOKMARK [2][-]{subsection.2.5.10}{\376\377\000M\000o\000d\000u\000l\000e\000\040\000P\000o\000r\000t\000a\000i\000l\000\040\000C\000l\000i\000e\000n\000t}{section.2.5}% 38
\BOOKMARK [2][-]{subsection.2.5.11}{\376\377\000M\000o\000d\000u\000l\000e\000\040\000A\000p\000p\000l\000i\000c\000a\000t\000i\000o\000n\000\040\000M\000o\000b\000i\000l\000e}{section.2.5}% 39
\BOOKMARK [2][-]{subsection.2.5.12}{\376\377\000M\000o\000d\000u\000l\000e\000\040\000C\000h\000a\000t\000b\000o\000t\000\040\000I\000A\000\040\000\050\000R\000A\000G\000\051}{section.2.5}% 40
\BOOKMARK [1][-]{section.2.6}{\376\377\000B\000e\000s\000o\000i\000n\000s\000\040\000n\000o\000n\000\040\000f\000o\000n\000c\000t\000i\000o\000n\000n\000e\000l\000s}{chapter.2}% 41
\BOOKMARK [1][-]{section.2.7}{\376\377\000M\000o\000d\000\351\000l\000i\000s\000a\000t\000i\000o\000n\000\040\000U\000M\000L\000\040\040\024\000\040\000D\000i\000a\000g\000r\000a\000m\000m\000e\000s\000\040\000d\000e\000\040\000c\000a\000s\000\040\000d\000'\000u\000t\000i\000l\000i\000s\000a\000t\000i\000o\000n}{chapter.2}% 42
\BOOKMARK [2][-]{subsection.2.7.1}{\376\377\000D\000i\000a\000g\000r\000a\000m\000m\000e\000\040\000d\000e\000\040\000c\000a\000s\000\040\000d\000'\000u\000t\000i\000l\000i\000s\000a\000t\000i\000o\000n\000\040\000g\000l\000o\000b\000a\000l}{section.2.7}% 43
\BOOKMARK [2][-]{subsection.2.7.2}{\376\377\000C\000a\000s\000\040\000d\000'\000u\000t\000i\000l\000i\000s\000a\000t\000i\000o\000n\000\040\040\024\000\040\000G\000e\000s\000t\000i\000o\000n\000\040\000d\000e\000s\000\040\000L\000e\000a\000d\000s}{section.2.7}% 44
\BOOKMARK [2][-]{subsection.2.7.3}{\376\377\000C\000a\000s\000\040\000d\000'\000u\000t\000i\000l\000i\000s\000a\000t\000i\000o\000n\000\040\040\024\000\040\000G\000e\000s\000t\000i\000o\000n\000\040\000d\000e\000s\000\040\000T\000i\000c\000k\000e\000t\000s}{section.2.7}% 45
\BOOKMARK [2][-]{subsection.2.7.4}{\376\377\000C\000a\000s\000\040\000d\000'\000u\000t\000i\000l\000i\000s\000a\000t\000i\000o\000n\000\040\040\024\000\040\000P\000o\000r\000t\000a\000i\000l\000\040\000C\000l\000i\000e\000n\000t}{section.2.7}% 46
\BOOKMARK [2][-]{subsection.2.7.5}{\376\377\000C\000a\000s\000\040\000d\000'\000u\000t\000i\000l\000i\000s\000a\000t\000i\000o\000n\000\040\040\024\000\040\000A\000p\000p\000l\000i\000c\000a\000t\000i\000o\000n\000\040\000M\000o\000b\000i\000l\000e}{section.2.7}% 47
\BOOKMARK [2][-]{subsection.2.7.6}{\376\377\000C\000a\000s\000\040\000d\000'\000u\000t\000i\000l\000i\000s\000a\000t\000i\000o\000n\000\040\040\024\000\040\000C\000h\000a\000t\000b\000o\000t\000\040\000I\000A}{section.2.7}% 48
\BOOKMARK [1][-]{section.2.8}{\376\377\000B\000a\000c\000k\000l\000o\000g\000\040\000p\000r\000o\000d\000u\000i\000t}{chapter.2}% 49
\BOOKMARK [1][-]{section.2.9}{\376\377\000R\000\351\000s\000u\000l\000t\000a\000t\000s\000\040\000d\000u\000\040\000S\000p\000r\000i\000n\000t}{chapter.2}% 50
\BOOKMARK [1][-]{section.2.10}{\376\377\000C\000o\000n\000c\000l\000u\000s\000i\000o\000n}{chapter.2}% 51
\BOOKMARK [0][-]{chapter.3}{\376\377\000S\000p\000r\000i\000n\000t\000\040\0000\0002\000\040\000:\000\040\000C\000o\000n\000c\000e\000p\000t\000i\000o\000n\000\040\000d\000u\000\040\000S\000y\000s\000t\000\350\000m\000e\000\040\000C\000R\000M}{}% 52
\BOOKMARK [1][-]{section.3.1}{\376\377\000I\000n\000t\000r\000o\000d\000u\000c\000t\000i\000o\000n}{chapter.3}% 53
\BOOKMARK [1][-]{section.3.2}{\376\377\000O\000b\000j\000e\000c\000t\000i\000f\000s\000\040\000d\000u\000\040\000S\000p\000r\000i\000n\000t}{chapter.3}% 54
\BOOKMARK [1][-]{section.3.3}{\376\377\000D\000i\000a\000g\000r\000a\000m\000m\000e\000\040\000d\000e\000\040\000c\000l\000a\000s\000s\000e\000s}{chapter.3}% 55
\BOOKMARK [2][-]{subsection.3.3.1}{\376\377\000R\000e\000l\000a\000t\000i\000o\000n\000s\000\040\000e\000n\000t\000r\000e\000\040\000e\000n\000t\000i\000t\000\351\000s}{section.3.3}% 56
\BOOKMARK [1][-]{section.3.4}{\376\377\000D\000i\000a\000g\000r\000a\000m\000m\000e\000\040\000E\000n\000t\000i\000t\000\351\000-\000R\000e\000l\000a\000t\000i\000o\000n\000\040\000\050\000E\000R\000D\000\051}{chapter.3}% 57
\BOOKMARK [1][-]{section.3.5}{\376\377\000D\000i\000a\000g\000r\000a\000m\000m\000e\000s\000\040\000d\000e\000\040\000s\000\351\000q\000u\000e\000n\000c\000e}{chapter.3}% 58
\BOOKMARK [2][-]{subsection.3.5.1}{\376\377\000S\000\351\000q\000u\000e\000n\000c\000e\000\040\040\024\000\040\000A\000u\000t\000h\000e\000n\000t\000i\000f\000i\000c\000a\000t\000i\000o\000n\000\040\000J\000W\000T}{section.3.5}% 59
\BOOKMARK [2][-]{subsection.3.5.2}{\376\377\000S\000\351\000q\000u\000e\000n\000c\000e\000\040\040\024\000\040\000C\000o\000n\000v\000e\000r\000s\000i\000o\000n\000\040\000d\000'\000u\000n\000\040\000L\000e\000a\000d}{section.3.5}% 60
\BOOKMARK [2][-]{subsection.3.5.3}{\376\377\000S\000\351\000q\000u\000e\000n\000c\000e\000\040\040\024\000\040\000C\000y\000c\000l\000e\000\040\000d\000e\000\040\000v\000i\000e\000\040\000d\000'\000u\000n\000\040\000T\000i\000c\000k\000e\000t}{section.3.5}% 61
\BOOKMARK [2][-]{subsection.3.5.4}{\376\377\000S\000\351\000q\000u\000e\000n\000c\000e\000\040\040\024\000\040\000C\000h\000a\000t\000b\000o\000t\000\040\000d\000o\000c\000u\000m\000e\000n\000t\000a\000i\000r\000e\000\040\000\050\000R\000A\000G\000\051}{section.3.5}% 62
\BOOKMARK [1][-]{section.3.6}{\376\377\000C\000o\000n\000c\000e\000p\000t\000i\000o\000n\000\040\000d\000e\000\040\000l\000'\000a\000r\000c\000h\000i\000t\000e\000c\000t\000u\000r\000e}{chapter.3}% 63
\BOOKMARK [2][-]{subsection.3.6.1}{\376\377\000A\000r\000c\000h\000i\000t\000e\000c\000t\000u\000r\000e\000\040\000b\000a\000c\000k\000e\000n\000d\000\040\040\024\000\040\000F\000a\000s\000t\000A\000P\000I\000\040\000+\000\040\000o\000r\000g\000a\000n\000i\000s\000a\000t\000i\000o\000n\000\040\000p\000a\000r\000\040\000d\000o\000m\000a\000i\000n\000e\000s}{section.3.6}% 64
\BOOKMARK [2][-]{subsection.3.6.2}{\376\377\000A\000r\000c\000h\000i\000t\000e\000c\000t\000u\000r\000e\000\040\000f\000r\000o\000n\000t\000e\000n\000d\000\040\040\024\000\040\000R\000e\000a\000c\000t\000\040\000S\000P\000A}{section.3.6}% 65
\BOOKMARK [2][-]{subsection.3.6.3}{\376\377\000A\000r\000c\000h\000i\000t\000e\000c\000t\000u\000r\000e\000\040\000m\000o\000b\000i\000l\000e\000\040\040\024\000\040\000R\000e\000a\000c\000t\000\040\000N\000a\000t\000i\000v\000e}{section.3.6}% 66
\BOOKMARK [2][-]{subsection.3.6.4}{\376\377\000A\000r\000c\000h\000i\000t\000e\000c\000t\000u\000r\000e\000\040\000R\000A\000G\000\040\040\024\000\040\000C\000h\000a\000t\000b\000o\000t\000\040\000I\000A}{section.3.6}% 67
\BOOKMARK [2][-]{subsection.3.6.5}{\376\377\000A\000r\000c\000h\000i\000t\000e\000c\000t\000u\000r\000e\000\040\000D\000o\000c\000k\000e\000r\000\040\000C\000o\000m\000p\000o\000s\000e}{section.3.6}% 68
\BOOKMARK [1][-]{section.3.7}{\376\377\000C\000o\000n\000c\000e\000p\000t\000i\000o\000n\000\040\000d\000e\000\040\000l\000'\000A\000P\000I\000\040\000R\000E\000S\000T}{chapter.3}% 69
\BOOKMARK [1][-]{section.3.8}{\376\377\000R\000\351\000s\000u\000l\000t\000a\000t\000s\000\040\000d\000u\000\040\000S\000p\000r\000i\000n\000t}{chapter.3}% 70
\BOOKMARK [1][-]{section.3.9}{\376\377\000C\000o\000n\000c\000l\000u\000s\000i\000o\000n}{chapter.3}% 71
\BOOKMARK [0][-]{chapter.4}{\376\377\000S\000p\000r\000i\000n\000t\000\040\0000\0003\000\040\000:\000\040\000R\000\351\000a\000l\000i\000s\000a\000t\000i\000o\000n\000\040\000T\000e\000c\000h\000n\000i\000q\000u\000e}{}% 72
\BOOKMARK [1][-]{section.4.1}{\376\377\000I\000n\000t\000r\000o\000d\000u\000c\000t\000i\000o\000n}{chapter.4}% 73
\BOOKMARK [1][-]{section.4.2}{\376\377\000O\000b\000j\000e\000c\000t\000i\000f\000s\000\040\000d\000u\000\040\000S\000p\000r\000i\000n\000t}{chapter.4}% 74
\BOOKMARK [1][-]{section.4.3}{\376\377\000R\000\351\000a\000l\000i\000s\000a\000t\000i\000o\000n\000\040\000d\000u\000\040\000B\000a\000c\000k\000e\000n\000d\000\040\000\050\000F\000a\000s\000t\000A\000P\000I\000\051}{chapter.4}% 75
\BOOKMARK [2][-]{subsection.4.3.1}{\376\377\000A\000u\000t\000h\000e\000n\000t\000i\000f\000i\000c\000a\000t\000i\000o\000n\000\040\000J\000W\000T\000\040\000e\000t\000\040\000R\000B\000A\000C}{section.4.3}% 76
\BOOKMARK [2][-]{subsection.4.3.2}{\376\377\000L\000o\000g\000i\000q\000u\000e\000\040\000d\000e\000\040\000c\000o\000n\000v\000e\000r\000s\000i\000o\000n\000\040\000L\000e\000a\000d}{section.4.3}% 77
\BOOKMARK [2][-]{subsection.4.3.3}{\376\377\000S\000y\000s\000t\000\350\000m\000e\000\040\000d\000e\000\040\000m\000e\000s\000s\000a\000g\000e\000r\000i\000e\000\040\000T\000i\000c\000k\000e\000t}{section.4.3}% 78
\BOOKMARK [2][-]{subsection.4.3.4}{\376\377\000J\000o\000u\000r\000n\000a\000l\000\040\000d\000'\000a\000u\000d\000i\000t\000\040\000e\000t\000\040\000r\000e\000p\000o\000r\000t\000i\000n\000g}{section.4.3}% 79
\BOOKMARK [2][-]{subsection.4.3.5}{\376\377\000N\000o\000t\000i\000f\000i\000c\000a\000t\000i\000o\000n\000s\000\040\000e\000m\000a\000i\000l}{section.4.3}% 80
\BOOKMARK [1][-]{section.4.4}{\376\377\000R\000\351\000a\000l\000i\000s\000a\000t\000i\000o\000n\000\040\000d\000u\000\040\000F\000r\000o\000n\000t\000e\000n\000d\000\040\000\050\000R\000e\000a\000c\000t\000\051}{chapter.4}% 81
\BOOKMARK [2][-]{subsection.4.4.1}{\376\377\000P\000a\000g\000e\000s\000\040\000p\000r\000i\000n\000c\000i\000p\000a\000l\000e\000s}{section.4.4}% 82
\BOOKMARK [2][-]{subsection.4.4.2}{\376\377\000P\000o\000r\000t\000a\000i\000l\000\040\000C\000l\000i\000e\000n\000t}{section.4.4}% 83
\BOOKMARK [2][-]{subsection.4.4.3}{\376\377\000F\000o\000n\000c\000t\000i\000o\000n\000n\000a\000l\000i\000t\000\351\000s\000\040\000U\000X\000\040\000a\000v\000a\000n\000c\000\351\000e\000s}{section.4.4}% 84
\BOOKMARK [1][-]{section.4.5}{\376\377\000R\000\351\000a\000l\000i\000s\000a\000t\000i\000o\000n\000\040\000d\000e\000\040\000l\000'\000A\000p\000p\000l\000i\000c\000a\000t\000i\000o\000n\000\040\000M\000o\000b\000i\000l\000e\000\040\000\050\000R\000e\000a\000c\000t\000\040\000N\000a\000t\000i\000v\000e\000\051}{chapter.4}% 85
\BOOKMARK [2][-]{subsection.4.5.1}{\376\377\000T\000e\000c\000h\000n\000o\000l\000o\000g\000i\000e\000s\000\040\000u\000t\000i\000l\000i\000s\000\351\000e\000s}{section.4.5}% 86
\BOOKMARK [2][-]{subsection.4.5.2}{\376\377\000\311\000c\000r\000a\000n\000s\000\040\000d\000e\000\040\000l\000'\000a\000p\000p\000l\000i\000c\000a\000t\000i\000o\000n}{section.4.5}% 87
\BOOKMARK [1][-]{section.4.6}{\376\377\000R\000\351\000a\000l\000i\000s\000a\000t\000i\000o\000n\000\040\000d\000u\000\040\000C\000h\000a\000t\000b\000o\000t\000\040\000I\000A\000\040\000\050\000R\000A\000G\000\051}{chapter.4}% 88
\BOOKMARK [2][-]{subsection.4.6.1}{\376\377\000A\000r\000c\000h\000i\000t\000e\000c\000t\000u\000r\000e\000\040\000R\000A\000G}{section.4.6}% 89
\BOOKMARK [2][-]{subsection.4.6.2}{\376\377\000I\000m\000p\000l\000\351\000m\000e\000n\000t\000a\000t\000i\000o\000n}{section.4.6}% 90
\BOOKMARK [2][-]{subsection.4.6.3}{\376\377\000D\000o\000c\000u\000m\000e\000n\000t\000s\000\040\000R\000A\000G}{section.4.6}% 91
\BOOKMARK [1][-]{section.4.7}{\376\377\000D\000\351\000p\000l\000o\000i\000e\000m\000e\000n\000t\000\040\000D\000o\000c\000k\000e\000r}{chapter.4}% 92
\BOOKMARK [1][-]{section.4.8}{\376\377\000R\000\351\000s\000u\000l\000t\000a\000t\000s\000\040\000d\000u\000\040\000S\000p\000r\000i\000n\000t}{chapter.4}% 93
\BOOKMARK [1][-]{section.4.9}{\376\377\000C\000o\000n\000c\000l\000u\000s\000i\000o\000n}{chapter.4}% 94
\BOOKMARK [0][-]{chapter.5}{\376\377\000S\000p\000r\000i\000n\000t\000\040\0000\0004\000\040\000:\000\040\000T\000e\000s\000t\000s\000,\000\040\000V\000a\000l\000i\000d\000a\000t\000i\000o\000n\000\040\000e\000t\000\040\000D\000\351\000p\000l\000o\000i\000e\000m\000e\000n\000t}{}% 95
\BOOKMARK [1][-]{section.5.1}{\376\377\000I\000n\000t\000r\000o\000d\000u\000c\000t\000i\000o\000n}{chapter.5}% 96
\BOOKMARK [1][-]{section.5.2}{\376\377\000O\000b\000j\000e\000c\000t\000i\000f\000s\000\040\000d\000u\000\040\000S\000p\000r\000i\000n\000t}{chapter.5}% 97
\BOOKMARK [1][-]{section.5.3}{\376\377\000T\000e\000s\000t\000s\000\040\000f\000o\000n\000c\000t\000i\000o\000n\000n\000e\000l\000s}{chapter.5}% 98
\BOOKMARK [2][-]{subsection.5.3.1}{\376\377\000D\000i\000s\000p\000o\000s\000i\000t\000i\000f\000\040\000d\000e\000\040\000t\000e\000s\000t\000s\000\040\000a\000u\000t\000o\000m\000a\000t\000i\000s\000\351\000s}{section.5.3}% 99
\BOOKMARK [2][-]{subsection.5.3.2}{\376\377\000M\000a\000t\000r\000i\000c\000e\000\040\000d\000e\000\040\000t\000e\000s\000t\000s\000\040\000R\000B\000A\000C}{section.5.3}% 100
\BOOKMARK [2][-]{subsection.5.3.3}{\376\377\000S\000c\000\351\000n\000a\000r\000i\000o\000\040\000d\000e\000\040\000t\000e\000s\000t\000\040\000e\000n\000d\000-\000t\000o\000-\000e\000n\000d}{section.5.3}% 101
\BOOKMARK [1][-]{section.5.4}{\376\377\000B\000u\000g\000s\000\040\000i\000d\000e\000n\000t\000i\000f\000i\000\351\000s\000\040\000e\000t\000\040\000c\000o\000r\000r\000i\000g\000\351\000s}{chapter.5}% 102
\BOOKMARK [2][-]{subsection.5.4.1}{\376\377\000M\000\351\000t\000h\000o\000d\000o\000l\000o\000g\000i\000e\000\040\000d\000e\000\040\000c\000o\000r\000r\000e\000c\000t\000i\000o\000n}{section.5.4}% 103
\BOOKMARK [1][-]{section.5.5}{\376\377\000V\000a\000l\000i\000d\000a\000t\000i\000o\000n\000\040\000d\000u\000\040\000c\000h\000a\000t\000b\000o\000t\000\040\000I\000A}{chapter.5}% 104
\BOOKMARK [1][-]{section.5.6}{\376\377\000R\000\351\000s\000u\000l\000t\000a\000t\000s\000\040\000d\000u\000\040\000S\000p\000r\000i\000n\000t}{chapter.5}% 105
\BOOKMARK [1][-]{section.5.7}{\376\377\000C\000o\000n\000c\000l\000u\000s\000i\000o\000n}{chapter.5}% 106
\BOOKMARK [0][-]{chapter*.63}{\376\377\000C\000O\000N\000C\000L\000U\000S\000I\000O\000N\000\040\000G\000\311\000N\000\311\000R\000A\000L\000E}{}% 107
\BOOKMARK [0][-]{chapter*.64}{\376\377\000B\000I\000B\000L\000I\000O\000G\000R\000A\000P\000H\000I\000E}{}% 108
